  parallel.cpp
D:\deadinside\hits\parallel\parallel\lodepng.cpp(687,54): warning C4334: <<: результат 32-разрядного смещения неявно преобразуется в 64-разрядное значение (предполагалось 64-разрядное смещение?)
D:\deadinside\hits\parallel\parallel\lodepng.cpp(705,35): warning C4267: =: преобразование из "size_t" в "unsigned short"; возможна потеря данных
D:\deadinside\hits\parallel\parallel\lodepng.cpp(706,39): warning C4334: <<: результат 32-разрядного смещения неявно преобразуется в 64-разрядное значение (предполагалось 64-разрядное смещение?)
D:\deadinside\hits\parallel\parallel\lodepng.cpp(730,37): warning C4267: =: преобразование из "size_t" в "unsigned short"; возможна потеря данных
D:\deadinside\hits\parallel\parallel\lodepng.cpp(747,38): warning C4267: =: преобразование из "size_t" в "unsigned short"; возможна потеря данных
D:\deadinside\hits\parallel\parallel\lodepng.cpp(3726,78): warning C4267: аргумент: преобразование из "size_t" в "unsigned int"; возможна потеря данных
D:\deadinside\hits\parallel\parallel\lodepng.cpp(4729,33): warning C4267: =: преобразование из "size_t" в "unsigned int"; возможна потеря данных
D:\deadinside\hits\parallel\parallel\lodepng.cpp(4998,60): warning C4267: аргумент: преобразование из "size_t" в "unsigned int"; возможна потеря данных
D:\deadinside\hits\parallel\parallel\lodepng.cpp(5003,83): warning C4267: аргумент: преобразование из "size_t" в "unsigned int"; возможна потеря данных
D:\deadinside\hits\parallel\parallel\lodepng.cpp(5004,94): warning C4267: аргумент: преобразование из "size_t" в "unsigned int"; возможна потеря данных
D:\deadinside\hits\parallel\parallel\lodepng.cpp(5005,83): warning C4267: аргумент: преобразование из "size_t" в "unsigned int"; возможна потеря данных
D:\deadinside\hits\parallel\parallel\lodepng.cpp(5006,94): warning C4267: аргумент: преобразование из "size_t" в "unsigned int"; возможна потеря данных
D:\deadinside\hits\parallel\parallel\lodepng.cpp(5007,83): warning C4267: аргумент: преобразование из "size_t" в "unsigned int"; возможна потеря данных
D:\deadinside\hits\parallel\parallel\lodepng.cpp(5008,94): warning C4267: аргумент: преобразование из "size_t" в "unsigned int"; возможна потеря данных
D:\deadinside\hits\parallel\parallel\lodepng.cpp(5009,78): warning C4267: аргумент: преобразование из "size_t" в "unsigned int"; возможна потеря данных
D:\deadinside\hits\parallel\parallel\lodepng.cpp(5204,3): warning C4267: аргумент: преобразование из "size_t" в "unsigned int"; возможна потеря данных
D:\deadinside\hits\parallel\parallel\lodepng.cpp(5228,7): warning C4267: аргумент: преобразование из "size_t" в "unsigned int"; возможна потеря данных
D:\deadinside\hits\parallel\parallel\lodepng.cpp(5262,62): warning C4267: аргумент: преобразование из "size_t" в "unsigned int"; возможна потеря данных
D:\deadinside\hits\parallel\parallel\lodepng.cpp(5279,3): warning C4267: аргумент: преобразование из "size_t" в "unsigned int"; возможна потеря данных
D:\deadinside\hits\parallel\parallel\lodepng.cpp(5301,57): warning C4267: аргумент: преобразование из "size_t" в "unsigned int"; возможна потеря данных
D:\deadinside\hits\parallel\parallel\lodepng.cpp(5332,57): warning C4267: аргумент: преобразование из "size_t" в "unsigned int"; возможна потеря данных
D:\deadinside\hits\parallel\parallel\lodepng.cpp(5445,57): warning C4267: аргумент: преобразование из "size_t" в "unsigned int"; возможна потеря данных
D:\deadinside\hits\parallel\parallel\lodepng.cpp(5559,33): warning C4334: <<: результат 32-разрядного смещения неявно преобразуется в 64-разрядное значение (предполагалось 64-разрядное смещение?)
D:\deadinside\hits\parallel\parallel\parallel.cpp(23,20): warning C4018: <: несоответствие типов со знаком и без знака
D:\deadinside\hits\parallel\parallel\parallel.cpp(36,20): warning C4018: <: несоответствие типов со знаком и без знака
D:\deadinside\hits\parallel\parallel\parallel.cpp(37,21): warning C4018: <: несоответствие типов со знаком и без знака
D:\deadinside\hits\parallel\parallel\parallel.cpp(39,26): warning C4018: >: несоответствие типов со знаком и без знака
D:\deadinside\hits\parallel\parallel\parallel.cpp(40,26): warning C4018: >: несоответствие типов со знаком и без знака
D:\deadinside\hits\parallel\parallel\parallel.cpp(68,20): warning C4018: <: несоответствие типов со знаком и без знака
D:\deadinside\hits\parallel\parallel\parallel.cpp(78,20): warning C4018: <: несоответствие типов со знаком и без знака
D:\deadinside\hits\parallel\parallel\parallel.cpp(80,21): warning C4018: <: несоответствие типов со знаком и без знака
D:\deadinside\hits\parallel\parallel\parallel.cpp(86,26): warning C4018: >: несоответствие типов со знаком и без знака
D:\deadinside\hits\parallel\parallel\parallel.cpp(87,26): warning C4018: >: несоответствие типов со знаком и без знака
D:\deadinside\hits\parallel\parallel\parallel.cpp(117,20): warning C4018: <: несоответствие типов со знаком и без знака
D:\deadinside\hits\parallel\parallel\parallel.cpp(148,20): warning C4018: <: несоответствие типов со знаком и без знака
D:\deadinside\hits\parallel\parallel\parallel.cpp(149,21): warning C4018: <: несоответствие типов со знаком и без знака
D:\deadinside\hits\parallel\parallel\parallel.cpp(151,26): warning C4018: >: несоответствие типов со знаком и без знака
D:\deadinside\hits\parallel\parallel\parallel.cpp(152,26): warning C4018: >: несоответствие типов со знаком и без знака
D:\deadinside\hits\parallel\parallel\parallel.cpp(197,33): warning C4309: аргумент: усечение константного значения
  Создание кода
  52 of 399 functions (13.0%) were compiled, the rest were copied from previous compilation.
    0 functions were new in current compilation
    16 functions had inline decision re-evaluated but remain unchanged
  Создание кода завершено
  parallel.vcxproj -> D:\deadinside\hits\parallel\x64\Release\parallel.exe
